Flow report for ECS_ChipRamSwitcher
Sat Jun 07 10:50:07 2025
Quartus II 64-Bit Version 13.0.1 Build 232 06/12/2013 Service Pack 1 SJ Web Edition


---------------------
; Table of Contents ;
---------------------
  1. Legal Notice
  2. Flow Summary
  3. Flow Settings
  4. Flow Non-Default Global Settings
  5. Flow Elapsed Time
  6. Flow OS Summary
  7. Flow Log
  8. Flow Messages
  9. Flow Suppressed Messages



----------------
; Legal Notice ;
----------------
Copyright (C) 1991-2013 Altera Corporation
Your use of Altera Corporation's design tools, logic functions 
and other software and tools, and its AMPP partner logic 
functions, and any output files from any of the foregoing 
(including device programming or simulation files), and any 
associated documentation or information are expressly subject 
to the terms and conditions of the Altera Program License 
Subscription Agreement, Altera MegaCore Function License 
Agreement, or other applicable license agreement, including, 
without limitation, that your use is for the sole purpose of 
programming logic devices manufactured by Altera and sold by 
Altera or its authorized distributors.  Please refer to the 
applicable agreement for further details.



+-----------------------------------------------------------------------------+
; Flow Summary                                                                ;
+---------------------------+-------------------------------------------------+
; Flow Status               ; Successful - Sat Jun 07 10:50:05 2025           ;
; Quartus II 64-Bit Version ; 13.0.1 Build 232 06/12/2013 SP 1 SJ Web Edition ;
; Revision Name             ; ECS_ChipRamSwitcher                             ;
; Top-level Entity Name     ; ECS_ChipRamSwitcher                             ;
; Family                    ; MAX7000S                                        ;
; Device                    ; EPM7064STC100-7                                 ;
; Timing Models             ; Final                                           ;
; Total macrocells          ; 46 / 64 ( 72 % )                                ;
; Total pins                ; 53 / 68 ( 78 % )                                ;
+---------------------------+-------------------------------------------------+


+-----------------------------------------+
; Flow Settings                           ;
+-------------------+---------------------+
; Option            ; Setting             ;
+-------------------+---------------------+
; Start date & time ; 06/07/2025 10:49:58 ;
; Main task         ; Compilation         ;
; Revision Name     ; ECS_ChipRamSwitcher ;
+-------------------+---------------------+


+-------------------------------------------------------------------------------------------------------+
; Flow Non-Default Global Settings                                                                      ;
+--------------------------+---------------------------------+---------------+-------------+------------+
; Assignment Name          ; Value                           ; Default Value ; Entity Name ; Section Id ;
+--------------------------+---------------------------------+---------------+-------------+------------+
; COMPILER_SIGNATURE_ID    ; 194042955850949.174925739817200 ; --            ; --          ; --         ;
; MAX_CORE_JUNCTION_TEMP   ; 85                              ; --            ; --          ; --         ;
; MIN_CORE_JUNCTION_TEMP   ; 0                               ; --            ; --          ; --         ;
; PROJECT_OUTPUT_DIRECTORY ; output_files                    ; --            ; --          ; --         ;
+--------------------------+---------------------------------+---------------+-------------+------------+


+-------------------------------------------------------------------------------------------------------------------------------+
; Flow Elapsed Time                                                                                                             ;
+---------------------------+--------------+-------------------------+---------------------+------------------------------------+
; Module Name               ; Elapsed Time ; Average Processors Used ; Peak Virtual Memory ; Total CPU Time (on all processors) ;
+---------------------------+--------------+-------------------------+---------------------+------------------------------------+
; Analysis & Synthesis      ; 00:00:02     ; 1.0                     ; 4559 MB             ; 00:00:01                           ;
; Fitter                    ; 00:00:02     ; 1.0                     ; 4675 MB             ; 00:00:01                           ;
; Assembler                 ; 00:00:01     ; 1.0                     ; 4500 MB             ; 00:00:00                           ;
; TimeQuest Timing Analyzer ; 00:00:01     ; 1.0                     ; 4504 MB             ; 00:00:01                           ;
; Total                     ; 00:00:06     ; --                      ; --                  ; 00:00:03                           ;
+---------------------------+--------------+-------------------------+---------------------+------------------------------------+


+----------------------------------------------------------------------------------------+
; Flow OS Summary                                                                        ;
+---------------------------+------------------+-----------+------------+----------------+
; Module Name               ; Machine Hostname ; OS Name   ; OS Version ; Processor type ;
+---------------------------+------------------+-----------+------------+----------------+
; Analysis & Synthesis      ; gaz-win10        ; Windows 7 ; 6.2        ; x86_64         ;
; Fitter                    ; gaz-win10        ; Windows 7 ; 6.2        ; x86_64         ;
; Assembler                 ; gaz-win10        ; Windows 7 ; 6.2        ; x86_64         ;
; TimeQuest Timing Analyzer ; gaz-win10        ; Windows 7 ; 6.2        ; x86_64         ;
+---------------------------+------------------+-----------+------------+----------------+


------------
; Flow Log ;
------------
quartus_map --read_settings_files=on --write_settings_files=off ECS_ChipRamSwitcher -c ECS_ChipRamSwitcher
quartus_fit --read_settings_files=off --write_settings_files=off ECS_ChipRamSwitcher -c ECS_ChipRamSwitcher
quartus_asm --read_settings_files=off --write_settings_files=off ECS_ChipRamSwitcher -c ECS_ChipRamSwitcher
quartus_sta ECS_ChipRamSwitcher -c ECS_ChipRamSwitcher



